

Processing SessionsController#new (for 127.0.0.1 at 2009-10-28 23:34:12) [GET]
Rendering sessions/new
Completed in 61ms (View: 59, DB: 0) | 200 OK [http://localhost/login]


Processing UsersController#new (for 127.0.0.1 at 2009-10-28 23:34:19) [GET]
Rendering users/new
Completed in 13ms (View: 11, DB: 0) | 200 OK [http://localhost/signup]


Processing UsersController#create (for 127.0.0.1 at 2009-11-01 16:53:47) [POST]
  Parameters: {"commit"=>"Sign up", "authenticity_token"=>"DfMXbccUpVnxf0PrP9Aep8+QxOzPxRjfVtY5Ecc/2qw=", "user"=>{"password_confirmation"=>"bailey", "password"=>"bailey", "login"=>"kyle", "email"=>"kylesmyth@gmail.com"}}

ActiveRecord::StatementInvalid (Could not find table 'users'):
  app/controllers/users_controller.rb:20:in `new'
  app/controllers/users_controller.rb:20:in `create'

Rendered rescues/_trace (49.7ms)
Rendered rescues/_request_and_response (1.4ms)
Rendering rescues/layout (internal_server_error)
  [4;36;1mSQL (0.1ms)[0m   [0;1mSET SQL_AUTO_IS_NULL=0[0m
  [4;35;1mSQL (0.5ms)[0m   [0mSHOW TABLES[0m
  [4;36;1mSQL (23.5ms)[0m   [0;1mCREATE TABLE `schema_migrations` (`version` varchar(255) NOT NULL) ENGINE=InnoDB[0m
  [4;35;1mSQL (7.8ms)[0m   [0mCREATE UNIQUE INDEX `unique_schema_migrations` ON `schema_migrations` (`version`)[0m
  [4;36;1mSQL (0.3ms)[0m   [0;1mSHOW TABLES[0m
  [4;35;1mSQL (0.3ms)[0m   [0mSELECT version FROM schema_migrations[0m
Migrating to CreateUsers (20091020000957)
  [4;36;1mSQL (0.4ms)[0m   [0;1mSHOW TABLES[0m
  [4;35;1mSQL (2.3ms)[0m   [0mCREATE TABLE `users` (`id` int(11) DEFAULT NULL auto_increment PRIMARY KEY, `login` varchar(255), `email` varchar(255), `crypted_password` varchar(40), `salt` varchar(40), `created_at` datetime, `updated_at` datetime, `remember_token` varchar(255), `remember_token_expires_at` datetime, `activation_code` varchar(40), `activated_at` datetime, `state` varchar(255) DEFAULT 'passive', `deleted_at` datetime) ENGINE=InnoDB[0m
  [4;36;1mSQL (0.7ms)[0m   [0;1mINSERT INTO schema_migrations (version) VALUES ('20091020000957')[0m
  [4;35;1mSQL (0.4ms)[0m   [0mSHOW TABLES[0m
  [4;36;1mSQL (0.2ms)[0m   [0;1mSELECT version FROM schema_migrations[0m
  [4;35;1mSQL (0.2ms)[0m   [0mSHOW TABLES[0m
  [4;36;1mSQL (1.8ms)[0m   [0;1mSHOW FIELDS FROM `users`[0m
  [4;35;1mSQL (2.8ms)[0m   [0mdescribe `users`[0m
  [4;36;1mSQL (0.8ms)[0m   [0;1mSHOW KEYS FROM `users`[0m


Processing UsersController#create (for 127.0.0.1 at 2009-11-01 17:17:50) [POST]
  Parameters: {"commit"=>"Sign up", "authenticity_token"=>"DfMXbccUpVnxf0PrP9Aep8+QxOzPxRjfVtY5Ecc/2qw=", "user"=>{"password_confirmation"=>"bailey", "password"=>"bailey", "login"=>"kyle", "email"=>"kylesmyth@gmail.com"}}

ActiveRecord::StatementInvalid (Could not find table 'users'):
  app/controllers/users_controller.rb:20:in `new'
  app/controllers/users_controller.rb:20:in `create'

Rendered rescues/_trace (45.1ms)
Rendered rescues/_request_and_response (0.5ms)
Rendering rescues/layout (internal_server_error)
  [4;36;1mSQL (0.2ms)[0m   [0;1mSET SQL_AUTO_IS_NULL=0[0m


Processing UsersController#create (for 127.0.0.1 at 2009-11-01 17:18:09) [POST]
  Parameters: {"commit"=>"Sign up", "authenticity_token"=>"DfMXbccUpVnxf0PrP9Aep8+QxOzPxRjfVtY5Ecc/2qw=", "user"=>{"password_confirmation"=>"bailey", "password"=>"bailey", "login"=>"kyle", "email"=>"kylesmyth@gmail.com"}}
  [4;35;1mUser Columns (1.9ms)[0m   [0mSHOW FIELDS FROM `users`[0m
  [4;36;1mUser Load (0.4ms)[0m   [0;1mSELECT `users`.id FROM `users` WHERE (LOWER(`users`.`login`) = BINARY 'kyle') LIMIT 1[0m
  [4;35;1mUser Load (0.2ms)[0m   [0mSELECT `users`.id FROM `users` WHERE (LOWER(`users`.`email`) = BINARY 'kylesmyth@gmail.com') LIMIT 1[0m
  [4;36;1mSQL (0.1ms)[0m   [0;1mBEGIN[0m
  [4;35;1mUser Create (0.2ms)[0m   [0mINSERT INTO `users` (`salt`, `created_at`, `activated_at`, `crypted_password`, `remember_token_expires_at`, `updated_at`, `deleted_at`, `activation_code`, `remember_token`, `login`, `email`, `state`) VALUES('a929e898e3e6a2098d20badb03dec5b98426725b', '2009-11-01 23:18:09', NULL, '6d6a5bd743024e915465f4b617d70765630d8bbe', NULL, '2009-11-01 23:18:09', NULL, 'c84703a300f71d958771212ef2a60f72869c971e', NULL, 'kyle', 'kylesmyth@gmail.com', 'pending')[0m
Sent mail to kylesmyth@gmail.com

Date: Sun, 1 Nov 2009 17:18:09 -0600
From: ADMINEMAIL
To: kylesmyth@gmail.com
Subject: [YOURSITE] Please activate your new account
Mime-Version: 1.0
Content-Type: text/plain; charset=utf-8

Your account has been created.

  Username: kyle
  Password: bailey

Visit this url to activate your account:

  http://YOURSITE/activate/a4cc77810b98e13630841d0f2ca405a93c85c36f
  [4;36;1mSQL (0.7ms)[0m   [0;1mCOMMIT[0m
Redirected to http://localhost:3000/
Completed in 384ms (DB: 4) | 302 Found [http://localhost/users]
